Sentry DSN not configured, error tracking disabled
[32m[32minfo[32m[39m: [32mServer is running on port 5000[39m {"timestamp":"2025-10-21 13:09:57:957"}
[35m[35mhttp[35m[39m: [35m::1 - - [21/Oct/2025:11:10:09 +0000] "HEAD /api/csrf-token HTTP/1.1" 200 52 "-" "curl/8.9.0"[39m {"timestamp":"2025-10-21 13:10:09:109"}
[35m[35mhttp[35m[39m: [35m::1 - - [21/Oct/2025:11:10:33 +0000] "GET /api/auth/me HTTP/1.1" 401 53 "http://localhost:8080/register" "Mozilla/5.0 (Windows NT 10.0; Win64; x64) AppleWebKit/537.36 (KHTML, like Gecko) HeadlessChrome/140.0.7339.16 Safari/537.36"[39m {"timestamp":"2025-10-21 13:10:33:1033"}
[35m[35mhttp[35m[39m: [35m::1 - - [21/Oct/2025:11:10:33 +0000] "GET /api/csrf-token HTTP/1.1" 200 52 "http://localhost:8080/register" "Mozilla/5.0 (Windows NT 10.0; Win64; x64) AppleWebKit/537.36 (KHTML, like Gecko) HeadlessChrome/140.0.7339.16 Safari/537.36"[39m {"timestamp":"2025-10-21 13:10:33:1033"}
[37m[37mdebug[37m[39m: [37mDatabase pool: new client connected[39m {"timestamp":"2025-10-21 13:10:33:1033"}
[35m[35mhttp[35m[39m: [35m::1 - - [21/Oct/2025:11:10:33 +0000] "POST /api/auth/register HTTP/1.1" 201 536 "http://localhost:8080/register" "Mozilla/5.0 (Windows NT 10.0; Win64; x64) AppleWebKit/537.36 (KHTML, like Gecko) HeadlessChrome/140.0.7339.16 Safari/537.36"[39m {"timestamp":"2025-10-21 13:10:33:1033"}
[35m[35mhttp[35m[39m: [35m::1 - - [21/Oct/2025:11:10:33 +0000] "GET /api/videos HTTP/1.1" 401 35 "http://localhost:8080/" "Mozilla/5.0 (Windows NT 10.0; Win64; x64) AppleWebKit/537.36 (KHTML, like Gecko) HeadlessChrome/140.0.7339.16 Safari/537.36"[39m {"timestamp":"2025-10-21 13:10:33:1033"}
[35m[35mhttp[35m[39m: [35m::1 - - [21/Oct/2025:11:10:33 +0000] "GET /api/profiles HTTP/1.1" 401 35 "http://localhost:8080/" "Mozilla/5.0 (Windows NT 10.0; Win64; x64) AppleWebKit/537.36 (KHTML, like Gecko) HeadlessChrome/140.0.7339.16 Safari/537.36"[39m {"timestamp":"2025-10-21 13:10:33:1033"}
[35m[35mhttp[35m[39m: [35m::1 - - [21/Oct/2025:11:10:33 +0000] "GET /api/nfc/chips HTTP/1.1" 401 35 "http://localhost:8080/" "Mozilla/5.0 (Windows NT 10.0; Win64; x64) AppleWebKit/537.36 (KHTML, like Gecko) HeadlessChrome/140.0.7339.16 Safari/537.36"[39m {"timestamp":"2025-10-21 13:10:33:1033"}
[35m[35mhttp[35m[39m: [35m::1 - - [21/Oct/2025:11:10:34 +0000] "GET /api/auth/me HTTP/1.1" 401 53 "http://localhost:8080/register" "Mozilla/5.0 (Windows NT 10.0; Win64; x64) AppleWebKit/537.36 (KHTML, like Gecko) HeadlessChrome/140.0.7339.16 Safari/537.36"[39m {"timestamp":"2025-10-21 13:10:34:1034"}
[35m[35mhttp[35m[39m: [35m::1 - - [21/Oct/2025:11:10:34 +0000] "GET /api/csrf-token HTTP/1.1" 200 52 "http://localhost:8080/register" "Mozilla/5.0 (Windows NT 10.0; Win64; x64) AppleWebKit/537.36 (KHTML, like Gecko) HeadlessChrome/140.0.7339.16 Safari/537.36"[39m {"timestamp":"2025-10-21 13:10:34:1034"}
[35m[35mhttp[35m[39m: [35m::1 - - [21/Oct/2025:11:10:35 +0000] "POST /api/auth/register HTTP/1.1" 201 536 "http://localhost:8080/register" "Mozilla/5.0 (Windows NT 10.0; Win64; x64) AppleWebKit/537.36 (KHTML, like Gecko) HeadlessChrome/140.0.7339.16 Safari/537.36"[39m {"timestamp":"2025-10-21 13:10:35:1035"}
[35m[35mhttp[35m[39m: [35m::1 - - [21/Oct/2025:11:10:35 +0000] "GET /api/auth/me HTTP/1.1" 401 49 "http://localhost:8080/videos" "Mozilla/5.0 (Windows NT 10.0; Win64; x64) AppleWebKit/537.36 (KHTML, like Gecko) HeadlessChrome/140.0.7339.16 Safari/537.36"[39m {"timestamp":"2025-10-21 13:10:35:1035"}
[37m[37mdebug[37m[39m: [37mDatabase pool: client removed[39m {"timestamp":"2025-10-21 13:10:35:1035"}
[35m[35mhttp[35m[39m: [35m::1 - - [21/Oct/2025:11:10:37 +0000] "GET /api/auth/me HTTP/1.1" 401 53 "http://localhost:8080/register" "Mozilla/5.0 (Windows NT 10.0; Win64; x64) AppleWebKit/537.36 (KHTML, like Gecko) HeadlessChrome/140.0.7339.16 Safari/537.36"[39m {"timestamp":"2025-10-21 13:10:37:1037"}
[35m[35mhttp[35m[39m: [35m::1 - - [21/Oct/2025:11:10:37 +0000] "GET /api/csrf-token HTTP/1.1" 200 52 "http://localhost:8080/register" "Mozilla/5.0 (Windows NT 10.0; Win64; x64) AppleWebKit/537.36 (KHTML, like Gecko) HeadlessChrome/140.0.7339.16 Safari/537.36"[39m {"timestamp":"2025-10-21 13:10:37:1037"}
[37m[37mdebug[37m[39m: [37mDatabase pool: new client connected[39m {"timestamp":"2025-10-21 13:10:37:1037"}
[35m[35mhttp[35m[39m: [35m::1 - - [21/Oct/2025:11:10:37 +0000] "POST /api/auth/register HTTP/1.1" 201 536 "http://localhost:8080/register" "Mozilla/5.0 (Windows NT 10.0; Win64; x64) AppleWebKit/537.36 (KHTML, like Gecko) HeadlessChrome/140.0.7339.16 Safari/537.36"[39m {"timestamp":"2025-10-21 13:10:37:1037"}
[35m[35mhttp[35m[39m: [35m::1 - - [21/Oct/2025:11:10:37 +0000] "GET /api/auth/me HTTP/1.1" 401 49 "http://localhost:8080/dashboard" "Mozilla/5.0 (Windows NT 10.0; Win64; x64) AppleWebKit/537.36 (KHTML, like Gecko) HeadlessChrome/140.0.7339.16 Safari/537.36"[39m {"timestamp":"2025-10-21 13:10:37:1037"}
[37m[37mdebug[37m[39m: [37mDatabase pool: client removed[39m {"timestamp":"2025-10-21 13:10:37:1037"}
[35m[35mhttp[35m[39m: [35m::1 - - [21/Oct/2025:11:10:50 +0000] "GET /api/auth/me HTTP/1.1" 401 53 "http://localhost:8080/register" "Mozilla/5.0 (Windows NT 10.0; Win64; x64) AppleWebKit/537.36 (KHTML, like Gecko) HeadlessChrome/140.0.7339.16 Safari/537.36"[39m {"timestamp":"2025-10-21 13:10:50:1050"}
[35m[35mhttp[35m[39m: [35m::1 - - [21/Oct/2025:11:10:50 +0000] "GET /api/csrf-token HTTP/1.1" 200 52 "http://localhost:8080/register" "Mozilla/5.0 (Windows NT 10.0; Win64; x64) AppleWebKit/537.36 (KHTML, like Gecko) HeadlessChrome/140.0.7339.16 Safari/537.36"[39m {"timestamp":"2025-10-21 13:10:50:1050"}
[37m[37mdebug[37m[39m: [37mDatabase pool: new client connected[39m {"timestamp":"2025-10-21 13:10:50:1050"}
[35m[35mhttp[35m[39m: [35m::1 - - [21/Oct/2025:11:10:51 +0000] "POST /api/auth/register HTTP/1.1" 201 536 "http://localhost:8080/register" "Mozilla/5.0 (Windows NT 10.0; Win64; x64) AppleWebKit/537.36 (KHTML, like Gecko) HeadlessChrome/140.0.7339.16 Safari/537.36"[39m {"timestamp":"2025-10-21 13:10:51:1051"}
[35m[35mhttp[35m[39m: [35m::1 - - [21/Oct/2025:11:10:51 +0000] "GET /api/videos HTTP/1.1" 401 35 "http://localhost:8080/" "Mozilla/5.0 (Windows NT 10.0; Win64; x64) AppleWebKit/537.36 (KHTML, like Gecko) HeadlessChrome/140.0.7339.16 Safari/537.36"[39m {"timestamp":"2025-10-21 13:10:51:1051"}
[35m[35mhttp[35m[39m: [35m::1 - - [21/Oct/2025:11:10:51 +0000] "GET /api/profiles HTTP/1.1" 401 35 "http://localhost:8080/" "Mozilla/5.0 (Windows NT 10.0; Win64; x64) AppleWebKit/537.36 (KHTML, like Gecko) HeadlessChrome/140.0.7339.16 Safari/537.36"[39m {"timestamp":"2025-10-21 13:10:51:1051"}
[35m[35mhttp[35m[39m: [35m::1 - - [21/Oct/2025:11:10:51 +0000] "GET /api/nfc/chips HTTP/1.1" 401 35 "http://localhost:8080/" "Mozilla/5.0 (Windows NT 10.0; Win64; x64) AppleWebKit/537.36 (KHTML, like Gecko) HeadlessChrome/140.0.7339.16 Safari/537.36"[39m {"timestamp":"2025-10-21 13:10:51:1051"}
[35m[35mhttp[35m[39m: [35m::1 - - [21/Oct/2025:11:10:54 +0000] "GET /api/auth/me HTTP/1.1" 401 53 "http://localhost:8080/register" "Mozilla/5.0 (Windows NT 10.0; Win64; x64) AppleWebKit/537.36 (KHTML, like Gecko) HeadlessChrome/140.0.7339.16 Safari/537.36"[39m {"timestamp":"2025-10-21 13:10:54:1054"}
[35m[35mhttp[35m[39m: [35m::1 - - [21/Oct/2025:11:10:55 +0000] "GET /api/csrf-token HTTP/1.1" 200 52 "http://localhost:8080/register" "Mozilla/5.0 (Windows NT 10.0; Win64; x64) AppleWebKit/537.36 (KHTML, like Gecko) HeadlessChrome/140.0.7339.16 Safari/537.36"[39m {"timestamp":"2025-10-21 13:10:55:1055"}
[35m[35mhttp[35m[39m: [35m::1 - - [21/Oct/2025:11:10:55 +0000] "POST /api/auth/register HTTP/1.1" 201 536 "http://localhost:8080/register" "Mozilla/5.0 (Windows NT 10.0; Win64; x64) AppleWebKit/537.36 (KHTML, like Gecko) HeadlessChrome/140.0.7339.16 Safari/537.36"[39m {"timestamp":"2025-10-21 13:10:55:1055"}
[35m[35mhttp[35m[39m: [35m::1 - - [21/Oct/2025:11:10:55 +0000] "GET /api/auth/me HTTP/1.1" 401 49 "http://localhost:8080/videos" "Mozilla/5.0 (Windows NT 10.0; Win64; x64) AppleWebKit/537.36 (KHTML, like Gecko) HeadlessChrome/140.0.7339.16 Safari/537.36"[39m {"timestamp":"2025-10-21 13:10:55:1055"}
[37m[37mdebug[37m[39m: [37mDatabase pool: client removed[39m {"timestamp":"2025-10-21 13:10:55:1055"}
[35m[35mhttp[35m[39m: [35m::1 - - [21/Oct/2025:11:10:57 +0000] "GET /api/auth/me HTTP/1.1" 401 53 "http://localhost:8080/register" "Mozilla/5.0 (Windows NT 10.0; Win64; x64) AppleWebKit/537.36 (KHTML, like Gecko) HeadlessChrome/140.0.7339.16 Safari/537.36"[39m {"timestamp":"2025-10-21 13:10:57:1057"}
[35m[35mhttp[35m[39m: [35m::1 - - [21/Oct/2025:11:10:58 +0000] "GET /api/csrf-token HTTP/1.1" 200 52 "http://localhost:8080/register" "Mozilla/5.0 (Windows NT 10.0; Win64; x64) AppleWebKit/537.36 (KHTML, like Gecko) HeadlessChrome/140.0.7339.16 Safari/537.36"[39m {"timestamp":"2025-10-21 13:10:58:1058"}
[37m[37mdebug[37m[39m: [37mDatabase pool: new client connected[39m {"timestamp":"2025-10-21 13:10:58:1058"}
[35m[35mhttp[35m[39m: [35m::1 - - [21/Oct/2025:11:10:58 +0000] "POST /api/auth/register HTTP/1.1" 201 536 "http://localhost:8080/register" "Mozilla/5.0 (Windows NT 10.0; Win64; x64) AppleWebKit/537.36 (KHTML, like Gecko) HeadlessChrome/140.0.7339.16 Safari/537.36"[39m {"timestamp":"2025-10-21 13:10:58:1058"}
[35m[35mhttp[35m[39m: [35m::1 - - [21/Oct/2025:11:10:58 +0000] "GET /api/auth/me HTTP/1.1" 401 49 "http://localhost:8080/videos" "Mozilla/5.0 (Windows NT 10.0; Win64; x64) AppleWebKit/537.36 (KHTML, like Gecko) HeadlessChrome/140.0.7339.16 Safari/537.36"[39m {"timestamp":"2025-10-21 13:10:58:1058"}
[37m[37mdebug[37m[39m: [37mDatabase pool: client removed[39m {"timestamp":"2025-10-21 13:10:58:1058"}
