Sentry DSN not configured, error tracking disabled
[32m[32minfo[32m[39m: [32mServer is running on port 5000[39m {"timestamp":"2025-10-21 13:36:02:362"}
[35m[35mhttp[35m[39m: [35m::1 - - [21/Oct/2025:11:36:11 +0000] "GET /api/csrf-token HTTP/1.1" 200 52 "-" "curl/8.9.0"[39m {"timestamp":"2025-10-21 13:36:11:3611"}
[35m[35mhttp[35m[39m: [35m::1 - - [21/Oct/2025:11:36:43 +0000] "GET /api/auth/me HTTP/1.1" 401 53 "http://localhost:8080/register" "Mozilla/5.0 (Windows NT 10.0; Win64; x64) AppleWebKit/537.36 (KHTML, like Gecko) HeadlessChrome/140.0.7339.16 Safari/537.36"[39m {"timestamp":"2025-10-21 13:36:43:3643"}
[35m[35mhttp[35m[39m: [35m::1 - - [21/Oct/2025:11:36:43 +0000] "GET /api/csrf-token HTTP/1.1" 200 52 "http://localhost:8080/register" "Mozilla/5.0 (Windows NT 10.0; Win64; x64) AppleWebKit/537.36 (KHTML, like Gecko) HeadlessChrome/140.0.7339.16 Safari/537.36"[39m {"timestamp":"2025-10-21 13:36:43:3643"}
[37m[37mdebug[37m[39m: [37mDatabase pool: new client connected[39m {"timestamp":"2025-10-21 13:36:44:3644"}
[35m[35mhttp[35m[39m: [35m::1 - - [21/Oct/2025:11:36:44 +0000] "POST /api/auth/register HTTP/1.1" 201 536 "http://localhost:8080/register" "Mozilla/5.0 (Windows NT 10.0; Win64; x64) AppleWebKit/537.36 (KHTML, like Gecko) HeadlessChrome/140.0.7339.16 Safari/537.36"[39m {"timestamp":"2025-10-21 13:36:44:3644"}
[35m[35mhttp[35m[39m: [35m::1 - - [21/Oct/2025:11:36:44 +0000] "GET /api/videos HTTP/1.1" 401 35 "http://localhost:8080/" "Mozilla/5.0 (Windows NT 10.0; Win64; x64) AppleWebKit/537.36 (KHTML, like Gecko) HeadlessChrome/140.0.7339.16 Safari/537.36"[39m {"timestamp":"2025-10-21 13:36:44:3644"}
[35m[35mhttp[35m[39m: [35m::1 - - [21/Oct/2025:11:36:44 +0000] "GET /api/profiles HTTP/1.1" 401 35 "http://localhost:8080/" "Mozilla/5.0 (Windows NT 10.0; Win64; x64) AppleWebKit/537.36 (KHTML, like Gecko) HeadlessChrome/140.0.7339.16 Safari/537.36"[39m {"timestamp":"2025-10-21 13:36:44:3644"}
[35m[35mhttp[35m[39m: [35m::1 - - [21/Oct/2025:11:36:44 +0000] "GET /api/nfc/chips HTTP/1.1" 401 35 "http://localhost:8080/" "Mozilla/5.0 (Windows NT 10.0; Win64; x64) AppleWebKit/537.36 (KHTML, like Gecko) HeadlessChrome/140.0.7339.16 Safari/537.36"[39m {"timestamp":"2025-10-21 13:36:44:3644"}
[35m[35mhttp[35m[39m: [35m::1 - - [21/Oct/2025:11:36:45 +0000] "GET /api/auth/me HTTP/1.1" 401 53 "http://localhost:8080/register" "Mozilla/5.0 (Windows NT 10.0; Win64; x64) AppleWebKit/537.36 (KHTML, like Gecko) HeadlessChrome/140.0.7339.16 Safari/537.36"[39m {"timestamp":"2025-10-21 13:36:45:3645"}
[35m[35mhttp[35m[39m: [35m::1 - - [21/Oct/2025:11:36:45 +0000] "GET /api/csrf-token HTTP/1.1" 200 52 "http://localhost:8080/register" "Mozilla/5.0 (Windows NT 10.0; Win64; x64) AppleWebKit/537.36 (KHTML, like Gecko) HeadlessChrome/140.0.7339.16 Safari/537.36"[39m {"timestamp":"2025-10-21 13:36:45:3645"}
[35m[35mhttp[35m[39m: [35m::1 - - [21/Oct/2025:11:36:45 +0000] "POST /api/auth/register HTTP/1.1" 201 536 "http://localhost:8080/register" "Mozilla/5.0 (Windows NT 10.0; Win64; x64) AppleWebKit/537.36 (KHTML, like Gecko) HeadlessChrome/140.0.7339.16 Safari/537.36"[39m {"timestamp":"2025-10-21 13:36:45:3645"}
[35m[35mhttp[35m[39m: [35m::1 - - [21/Oct/2025:11:36:45 +0000] "GET /api/auth/me HTTP/1.1" 401 49 "http://localhost:8080/videos" "Mozilla/5.0 (Windows NT 10.0; Win64; x64) AppleWebKit/537.36 (KHTML, like Gecko) HeadlessChrome/140.0.7339.16 Safari/537.36"[39m {"timestamp":"2025-10-21 13:36:45:3645"}
[37m[37mdebug[37m[39m: [37mDatabase pool: client removed[39m {"timestamp":"2025-10-21 13:36:45:3645"}
[35m[35mhttp[35m[39m: [35m::1 - - [21/Oct/2025:11:36:47 +0000] "GET /api/auth/me HTTP/1.1" 401 53 "http://localhost:8080/register" "Mozilla/5.0 (Windows NT 10.0; Win64; x64) AppleWebKit/537.36 (KHTML, like Gecko) HeadlessChrome/140.0.7339.16 Safari/537.36"[39m {"timestamp":"2025-10-21 13:36:47:3647"}
[35m[35mhttp[35m[39m: [35m::1 - - [21/Oct/2025:11:36:48 +0000] "GET /api/csrf-token HTTP/1.1" 200 52 "http://localhost:8080/register" "Mozilla/5.0 (Windows NT 10.0; Win64; x64) AppleWebKit/537.36 (KHTML, like Gecko) HeadlessChrome/140.0.7339.16 Safari/537.36"[39m {"timestamp":"2025-10-21 13:36:48:3648"}
[37m[37mdebug[37m[39m: [37mDatabase pool: new client connected[39m {"timestamp":"2025-10-21 13:36:48:3648"}
[35m[35mhttp[35m[39m: [35m::1 - - [21/Oct/2025:11:36:48 +0000] "POST /api/auth/register HTTP/1.1" 201 536 "http://localhost:8080/register" "Mozilla/5.0 (Windows NT 10.0; Win64; x64) AppleWebKit/537.36 (KHTML, like Gecko) HeadlessChrome/140.0.7339.16 Safari/537.36"[39m {"timestamp":"2025-10-21 13:36:48:3648"}
[35m[35mhttp[35m[39m: [35m::1 - - [21/Oct/2025:11:36:48 +0000] "GET /api/auth/me HTTP/1.1" 401 49 "http://localhost:8080/dashboard" "Mozilla/5.0 (Windows NT 10.0; Win64; x64) AppleWebKit/537.36 (KHTML, like Gecko) HeadlessChrome/140.0.7339.16 Safari/537.36"[39m {"timestamp":"2025-10-21 13:36:48:3648"}
[37m[37mdebug[37m[39m: [37mDatabase pool: client removed[39m {"timestamp":"2025-10-21 13:36:48:3648"}
[35m[35mhttp[35m[39m: [35m::1 - - [21/Oct/2025:11:37:00 +0000] "GET /api/auth/me HTTP/1.1" 401 53 "http://localhost:8080/register" "Mozilla/5.0 (Windows NT 10.0; Win64; x64) AppleWebKit/537.36 (KHTML, like Gecko) HeadlessChrome/140.0.7339.16 Safari/537.36"[39m {"timestamp":"2025-10-21 13:37:00:370"}
[35m[35mhttp[35m[39m: [35m::1 - - [21/Oct/2025:11:37:01 +0000] "GET /api/csrf-token HTTP/1.1" 200 52 "http://localhost:8080/register" "Mozilla/5.0 (Windows NT 10.0; Win64; x64) AppleWebKit/537.36 (KHTML, like Gecko) HeadlessChrome/140.0.7339.16 Safari/537.36"[39m {"timestamp":"2025-10-21 13:37:01:371"}
[37m[37mdebug[37m[39m: [37mDatabase pool: new client connected[39m {"timestamp":"2025-10-21 13:37:01:371"}
[35m[35mhttp[35m[39m: [35m::1 - - [21/Oct/2025:11:37:01 +0000] "POST /api/auth/register HTTP/1.1" 201 536 "http://localhost:8080/register" "Mozilla/5.0 (Windows NT 10.0; Win64; x64) AppleWebKit/537.36 (KHTML, like Gecko) HeadlessChrome/140.0.7339.16 Safari/537.36"[39m {"timestamp":"2025-10-21 13:37:01:371"}
[35m[35mhttp[35m[39m: [35m::1 - - [21/Oct/2025:11:37:01 +0000] "GET /api/videos HTTP/1.1" 401 35 "http://localhost:8080/" "Mozilla/5.0 (Windows NT 10.0; Win64; x64) AppleWebKit/537.36 (KHTML, like Gecko) HeadlessChrome/140.0.7339.16 Safari/537.36"[39m {"timestamp":"2025-10-21 13:37:01:371"}
[35m[35mhttp[35m[39m: [35m::1 - - [21/Oct/2025:11:37:01 +0000] "GET /api/profiles HTTP/1.1" 401 35 "http://localhost:8080/" "Mozilla/5.0 (Windows NT 10.0; Win64; x64) AppleWebKit/537.36 (KHTML, like Gecko) HeadlessChrome/140.0.7339.16 Safari/537.36"[39m {"timestamp":"2025-10-21 13:37:01:371"}
[35m[35mhttp[35m[39m: [35m::1 - - [21/Oct/2025:11:37:01 +0000] "GET /api/nfc/chips HTTP/1.1" 401 35 "http://localhost:8080/" "Mozilla/5.0 (Windows NT 10.0; Win64; x64) AppleWebKit/537.36 (KHTML, like Gecko) HeadlessChrome/140.0.7339.16 Safari/537.36"[39m {"timestamp":"2025-10-21 13:37:01:371"}
[35m[35mhttp[35m[39m: [35m::1 - - [21/Oct/2025:11:37:04 +0000] "GET /api/auth/me HTTP/1.1" 401 53 "http://localhost:8080/register" "Mozilla/5.0 (Windows NT 10.0; Win64; x64) AppleWebKit/537.36 (KHTML, like Gecko) HeadlessChrome/140.0.7339.16 Safari/537.36"[39m {"timestamp":"2025-10-21 13:37:04:374"}
[35m[35mhttp[35m[39m: [35m::1 - - [21/Oct/2025:11:37:05 +0000] "GET /api/csrf-token HTTP/1.1" 200 52 "http://localhost:8080/register" "Mozilla/5.0 (Windows NT 10.0; Win64; x64) AppleWebKit/537.36 (KHTML, like Gecko) HeadlessChrome/140.0.7339.16 Safari/537.36"[39m {"timestamp":"2025-10-21 13:37:05:375"}
[35m[35mhttp[35m[39m: [35m::1 - - [21/Oct/2025:11:37:05 +0000] "POST /api/auth/register HTTP/1.1" 201 536 "http://localhost:8080/register" "Mozilla/5.0 (Windows NT 10.0; Win64; x64) AppleWebKit/537.36 (KHTML, like Gecko) HeadlessChrome/140.0.7339.16 Safari/537.36"[39m {"timestamp":"2025-10-21 13:37:05:375"}
[35m[35mhttp[35m[39m: [35m::1 - - [21/Oct/2025:11:37:05 +0000] "GET /api/auth/me HTTP/1.1" 401 49 "http://localhost:8080/videos" "Mozilla/5.0 (Windows NT 10.0; Win64; x64) AppleWebKit/537.36 (KHTML, like Gecko) HeadlessChrome/140.0.7339.16 Safari/537.36"[39m {"timestamp":"2025-10-21 13:37:05:375"}
[37m[37mdebug[37m[39m: [37mDatabase pool: client removed[39m {"timestamp":"2025-10-21 13:37:05:375"}
[35m[35mhttp[35m[39m: [35m::1 - - [21/Oct/2025:11:37:07 +0000] "GET /api/auth/me HTTP/1.1" 401 53 "http://localhost:8080/register" "Mozilla/5.0 (Windows NT 10.0; Win64; x64) AppleWebKit/537.36 (KHTML, like Gecko) HeadlessChrome/140.0.7339.16 Safari/537.36"[39m {"timestamp":"2025-10-21 13:37:07:377"}
[35m[35mhttp[35m[39m: [35m::1 - - [21/Oct/2025:11:37:07 +0000] "GET /api/csrf-token HTTP/1.1" 200 52 "http://localhost:8080/register" "Mozilla/5.0 (Windows NT 10.0; Win64; x64) AppleWebKit/537.36 (KHTML, like Gecko) HeadlessChrome/140.0.7339.16 Safari/537.36"[39m {"timestamp":"2025-10-21 13:37:07:377"}
[37m[37mdebug[37m[39m: [37mDatabase pool: new client connected[39m {"timestamp":"2025-10-21 13:37:07:377"}
[35m[35mhttp[35m[39m: [35m::1 - - [21/Oct/2025:11:37:08 +0000] "POST /api/auth/register HTTP/1.1" 201 536 "http://localhost:8080/register" "Mozilla/5.0 (Windows NT 10.0; Win64; x64) AppleWebKit/537.36 (KHTML, like Gecko) HeadlessChrome/140.0.7339.16 Safari/537.36"[39m {"timestamp":"2025-10-21 13:37:08:378"}
[35m[35mhttp[35m[39m: [35m::1 - - [21/Oct/2025:11:37:08 +0000] "GET /api/auth/me HTTP/1.1" 401 49 "http://localhost:8080/videos" "Mozilla/5.0 (Windows NT 10.0; Win64; x64) AppleWebKit/537.36 (KHTML, like Gecko) HeadlessChrome/140.0.7339.16 Safari/537.36"[39m {"timestamp":"2025-10-21 13:37:08:378"}
[37m[37mdebug[37m[39m: [37mDatabase pool: client removed[39m {"timestamp":"2025-10-21 13:37:08:378"}
[35m[35mhttp[35m[39m: [35m::1 - - [21/Oct/2025:11:40:21 +0000] "GET /api/auth/me HTTP/1.1" 401 49 "-" "curl/8.9.0"[39m {"timestamp":"2025-10-21 13:40:21:4021"}
[37m[37mdebug[37m[39m: [37mDatabase pool: new client connected[39m {"timestamp":"2025-10-21 13:43:44:4344"}
[35m[35mhttp[35m[39m: [35m::1 - - [21/Oct/2025:11:43:44 +0000] "GET /api/health HTTP/1.1" 200 168 "-" "curl/8.9.0"[39m {"timestamp":"2025-10-21 13:43:44:4344"}
[35m[35mhttp[35m[39m: [35m::1 - - [21/Oct/2025:11:44:09 +0000] "GET /api/csrf-token HTTP/1.1" 200 52 "-" "curl/8.9.0"[39m {"timestamp":"2025-10-21 13:44:09:449"}
[35m[35mhttp[35m[39m: [35m::1 - - [21/Oct/2025:11:44:09 +0000] "POST /api/auth/register HTTP/1.1" 201 531 "-" "curl/8.9.0"[39m {"timestamp":"2025-10-21 13:44:09:449"}
[35m[35mhttp[35m[39m: [35m::1 - - [21/Oct/2025:11:44:10 +0000] "GET /api/auth/me HTTP/1.1" 401 49 "-" "curl/8.9.0"[39m {"timestamp":"2025-10-21 13:44:10:4410"}
[37m[37mdebug[37m[39m: [37mDatabase pool: client removed[39m {"timestamp":"2025-10-21 13:44:10:4410"}
[37m[37mdebug[37m[39m: [37mDatabase pool: new client connected[39m {"timestamp":"2025-10-21 13:44:40:4440"}
[35m[35mhttp[35m[39m: [35m::1 - - [21/Oct/2025:11:44:40 +0000] "GET /api/health HTTP/1.1" 200 168 "-" "curl/8.9.0"[39m {"timestamp":"2025-10-21 13:44:40:4440"}
[35m[35mhttp[35m[39m: [35m::1 - - [21/Oct/2025:11:45:57 +0000] "GET /api/csrf-token HTTP/1.1" 200 52 "-" "axios/1.12.2"[39m {"timestamp":"2025-10-21 13:45:57:4557"}
[35m[35mhttp[35m[39m: [35m::1 - - [21/Oct/2025:11:45:57 +0000] "POST /api/auth/register HTTP/1.1" 201 529 "-" "axios/1.12.2"[39m {"timestamp":"2025-10-21 13:45:57:4557"}
[35m[35mhttp[35m[39m: [35m::1 - - [21/Oct/2025:11:45:57 +0000] "GET /api/auth/me HTTP/1.1" 401 49 "-" "axios/1.12.2"[39m {"timestamp":"2025-10-21 13:45:57:4557"}
[37m[37mdebug[37m[39m: [37mDatabase pool: client removed[39m {"timestamp":"2025-10-21 13:45:57:4557"}
[35m[35mhttp[35m[39m: [35m::1 - - [21/Oct/2025:11:46:17 +0000] "GET /api/csrf-token HTTP/1.1" 200 52 "-" "curl/8.9.0"[39m {"timestamp":"2025-10-21 13:46:17:4617"}
[37m[37mdebug[37m[39m: [37mDatabase pool: new client connected[39m {"timestamp":"2025-10-21 13:46:17:4617"}
[35m[35mhttp[35m[39m: [35m::1 - - [21/Oct/2025:11:46:17 +0000] "POST /api/auth/register HTTP/1.1" 201 541 "-" "curl/8.9.0"[39m {"timestamp":"2025-10-21 13:46:17:4617"}
[35m[35mhttp[35m[39m: [35m::1 - - [21/Oct/2025:11:46:17 +0000] "GET /api/auth/me HTTP/1.1" 401 49 "-" "curl/8.9.0"[39m {"timestamp":"2025-10-21 13:46:17:4617"}
[37m[37mdebug[37m[39m: [37mDatabase pool: client removed[39m {"timestamp":"2025-10-21 13:46:17:4617"}
[37m[37mdebug[37m[39m: [37mDatabase pool: new client connected[39m {"timestamp":"2025-10-21 13:46:53:4653"}
[35m[35mhttp[35m[39m: [35m::1 - - [21/Oct/2025:11:46:53 +0000] "GET /api/auth/me HTTP/1.1" 401 49 "-" "curl/8.9.0"[39m {"timestamp":"2025-10-21 13:46:53:4653"}
[37m[37mdebug[37m[39m: [37mDatabase pool: client removed[39m {"timestamp":"2025-10-21 13:46:53:4653"}
[37m[37mdebug[37m[39m: [37mDatabase pool: new client connected[39m {"timestamp":"2025-10-21 13:49:50:4950"}
[35m[35mhttp[35m[39m: [35m::1 - - [21/Oct/2025:11:49:50 +0000] "GET /api/health HTTP/1.1" 200 168 "-" "curl/8.9.0"[39m {"timestamp":"2025-10-21 13:49:50:4950"}
[35m[35mhttp[35m[39m: [35m::1 - - [21/Oct/2025:11:49:55 +0000] "GET /api/health HTTP/1.1" 200 167 "-" "curl/8.9.0"[39m {"timestamp":"2025-10-21 13:49:55:4955"}
