Sentry DSN not configured, error tracking disabled
[32m[32minfo[32m[39m: [32mServer is running on port 5000[39m {"timestamp":"2025-10-21 13:13:40:1340"}
[35m[35mhttp[35m[39m: [35m::1 - - [21/Oct/2025:11:14:06 +0000] "GET /api/auth/me HTTP/1.1" 401 53 "http://localhost:8080/register" "Mozilla/5.0 (Windows NT 10.0; Win64; x64) AppleWebKit/537.36 (KHTML, like Gecko) HeadlessChrome/140.0.7339.16 Safari/537.36"[39m {"timestamp":"2025-10-21 13:14:06:146"}
[35m[35mhttp[35m[39m: [35m::1 - - [21/Oct/2025:11:14:06 +0000] "GET /api/csrf-token HTTP/1.1" 200 52 "http://localhost:8080/register" "Mozilla/5.0 (Windows NT 10.0; Win64; x64) AppleWebKit/537.36 (KHTML, like Gecko) HeadlessChrome/140.0.7339.16 Safari/537.36"[39m {"timestamp":"2025-10-21 13:14:06:146"}
[37m[37mdebug[37m[39m: [37mDatabase pool: new client connected[39m {"timestamp":"2025-10-21 13:14:06:146"}
[35m[35mhttp[35m[39m: [35m::1 - - [21/Oct/2025:11:14:06 +0000] "POST /api/auth/register HTTP/1.1" 201 536 "http://localhost:8080/register" "Mozilla/5.0 (Windows NT 10.0; Win64; x64) AppleWebKit/537.36 (KHTML, like Gecko) HeadlessChrome/140.0.7339.16 Safari/537.36"[39m {"timestamp":"2025-10-21 13:14:06:146"}
[35m[35mhttp[35m[39m: [35m::1 - - [21/Oct/2025:11:14:06 +0000] "GET /api/videos HTTP/1.1" 401 35 "http://localhost:8080/" "Mozilla/5.0 (Windows NT 10.0; Win64; x64) AppleWebKit/537.36 (KHTML, like Gecko) HeadlessChrome/140.0.7339.16 Safari/537.36"[39m {"timestamp":"2025-10-21 13:14:06:146"}
[35m[35mhttp[35m[39m: [35m::1 - - [21/Oct/2025:11:14:06 +0000] "GET /api/profiles HTTP/1.1" 401 35 "http://localhost:8080/" "Mozilla/5.0 (Windows NT 10.0; Win64; x64) AppleWebKit/537.36 (KHTML, like Gecko) HeadlessChrome/140.0.7339.16 Safari/537.36"[39m {"timestamp":"2025-10-21 13:14:06:146"}
[35m[35mhttp[35m[39m: [35m::1 - - [21/Oct/2025:11:14:06 +0000] "GET /api/nfc/chips HTTP/1.1" 401 35 "http://localhost:8080/" "Mozilla/5.0 (Windows NT 10.0; Win64; x64) AppleWebKit/537.36 (KHTML, like Gecko) HeadlessChrome/140.0.7339.16 Safari/537.36"[39m {"timestamp":"2025-10-21 13:14:06:146"}
[35m[35mhttp[35m[39m: [35m::1 - - [21/Oct/2025:11:14:07 +0000] "GET /api/auth/me HTTP/1.1" 401 53 "http://localhost:8080/register" "Mozilla/5.0 (Windows NT 10.0; Win64; x64) AppleWebKit/537.36 (KHTML, like Gecko) HeadlessChrome/140.0.7339.16 Safari/537.36"[39m {"timestamp":"2025-10-21 13:14:07:147"}
[35m[35mhttp[35m[39m: [35m::1 - - [21/Oct/2025:11:14:08 +0000] "GET /api/csrf-token HTTP/1.1" 200 52 "http://localhost:8080/register" "Mozilla/5.0 (Windows NT 10.0; Win64; x64) AppleWebKit/537.36 (KHTML, like Gecko) HeadlessChrome/140.0.7339.16 Safari/537.36"[39m {"timestamp":"2025-10-21 13:14:08:148"}
[35m[35mhttp[35m[39m: [35m::1 - - [21/Oct/2025:11:14:08 +0000] "POST /api/auth/register HTTP/1.1" 201 536 "http://localhost:8080/register" "Mozilla/5.0 (Windows NT 10.0; Win64; x64) AppleWebKit/537.36 (KHTML, like Gecko) HeadlessChrome/140.0.7339.16 Safari/537.36"[39m {"timestamp":"2025-10-21 13:14:08:148"}
[35m[35mhttp[35m[39m: [35m::1 - - [21/Oct/2025:11:14:08 +0000] "GET /api/auth/me HTTP/1.1" 401 49 "http://localhost:8080/videos" "Mozilla/5.0 (Windows NT 10.0; Win64; x64) AppleWebKit/537.36 (KHTML, like Gecko) HeadlessChrome/140.0.7339.16 Safari/537.36"[39m {"timestamp":"2025-10-21 13:14:08:148"}
[37m[37mdebug[37m[39m: [37mDatabase pool: client removed[39m {"timestamp":"2025-10-21 13:14:08:148"}
[35m[35mhttp[35m[39m: [35m::1 - - [21/Oct/2025:11:14:10 +0000] "GET /api/auth/me HTTP/1.1" 401 53 "http://localhost:8080/register" "Mozilla/5.0 (Windows NT 10.0; Win64; x64) AppleWebKit/537.36 (KHTML, like Gecko) HeadlessChrome/140.0.7339.16 Safari/537.36"[39m {"timestamp":"2025-10-21 13:14:10:1410"}
[35m[35mhttp[35m[39m: [35m::1 - - [21/Oct/2025:11:14:10 +0000] "GET /api/csrf-token HTTP/1.1" 200 52 "http://localhost:8080/register" "Mozilla/5.0 (Windows NT 10.0; Win64; x64) AppleWebKit/537.36 (KHTML, like Gecko) HeadlessChrome/140.0.7339.16 Safari/537.36"[39m {"timestamp":"2025-10-21 13:14:10:1410"}
[37m[37mdebug[37m[39m: [37mDatabase pool: new client connected[39m {"timestamp":"2025-10-21 13:14:10:1410"}
[35m[35mhttp[35m[39m: [35m::1 - - [21/Oct/2025:11:14:11 +0000] "POST /api/auth/register HTTP/1.1" 201 536 "http://localhost:8080/register" "Mozilla/5.0 (Windows NT 10.0; Win64; x64) AppleWebKit/537.36 (KHTML, like Gecko) HeadlessChrome/140.0.7339.16 Safari/537.36"[39m {"timestamp":"2025-10-21 13:14:11:1411"}
[35m[35mhttp[35m[39m: [35m::1 - - [21/Oct/2025:11:14:11 +0000] "GET /api/auth/me HTTP/1.1" 401 49 "http://localhost:8080/dashboard" "Mozilla/5.0 (Windows NT 10.0; Win64; x64) AppleWebKit/537.36 (KHTML, like Gecko) HeadlessChrome/140.0.7339.16 Safari/537.36"[39m {"timestamp":"2025-10-21 13:14:11:1411"}
[37m[37mdebug[37m[39m: [37mDatabase pool: client removed[39m {"timestamp":"2025-10-21 13:14:11:1411"}
[35m[35mhttp[35m[39m: [35m::1 - - [21/Oct/2025:11:14:23 +0000] "GET /api/auth/me HTTP/1.1" 401 53 "http://localhost:8080/register" "Mozilla/5.0 (Windows NT 10.0; Win64; x64) AppleWebKit/537.36 (KHTML, like Gecko) HeadlessChrome/140.0.7339.16 Safari/537.36"[39m {"timestamp":"2025-10-21 13:14:23:1423"}
[35m[35mhttp[35m[39m: [35m::1 - - [21/Oct/2025:11:14:23 +0000] "GET /api/csrf-token HTTP/1.1" 200 52 "http://localhost:8080/register" "Mozilla/5.0 (Windows NT 10.0; Win64; x64) AppleWebKit/537.36 (KHTML, like Gecko) HeadlessChrome/140.0.7339.16 Safari/537.36"[39m {"timestamp":"2025-10-21 13:14:23:1423"}
[37m[37mdebug[37m[39m: [37mDatabase pool: new client connected[39m {"timestamp":"2025-10-21 13:14:23:1423"}
[35m[35mhttp[35m[39m: [35m::1 - - [21/Oct/2025:11:14:23 +0000] "POST /api/auth/register HTTP/1.1" 201 536 "http://localhost:8080/register" "Mozilla/5.0 (Windows NT 10.0; Win64; x64) AppleWebKit/537.36 (KHTML, like Gecko) HeadlessChrome/140.0.7339.16 Safari/537.36"[39m {"timestamp":"2025-10-21 13:14:23:1423"}
[35m[35mhttp[35m[39m: [35m::1 - - [21/Oct/2025:11:14:24 +0000] "GET /api/videos HTTP/1.1" 401 35 "http://localhost:8080/" "Mozilla/5.0 (Windows NT 10.0; Win64; x64) AppleWebKit/537.36 (KHTML, like Gecko) HeadlessChrome/140.0.7339.16 Safari/537.36"[39m {"timestamp":"2025-10-21 13:14:24:1424"}
[35m[35mhttp[35m[39m: [35m::1 - - [21/Oct/2025:11:14:24 +0000] "GET /api/profiles HTTP/1.1" 401 35 "http://localhost:8080/" "Mozilla/5.0 (Windows NT 10.0; Win64; x64) AppleWebKit/537.36 (KHTML, like Gecko) HeadlessChrome/140.0.7339.16 Safari/537.36"[39m {"timestamp":"2025-10-21 13:14:24:1424"}
[35m[35mhttp[35m[39m: [35m::1 - - [21/Oct/2025:11:14:24 +0000] "GET /api/nfc/chips HTTP/1.1" 401 35 "http://localhost:8080/" "Mozilla/5.0 (Windows NT 10.0; Win64; x64) AppleWebKit/537.36 (KHTML, like Gecko) HeadlessChrome/140.0.7339.16 Safari/537.36"[39m {"timestamp":"2025-10-21 13:14:24:1424"}
[35m[35mhttp[35m[39m: [35m::1 - - [21/Oct/2025:11:14:27 +0000] "GET /api/auth/me HTTP/1.1" 401 53 "http://localhost:8080/register" "Mozilla/5.0 (Windows NT 10.0; Win64; x64) AppleWebKit/537.36 (KHTML, like Gecko) HeadlessChrome/140.0.7339.16 Safari/537.36"[39m {"timestamp":"2025-10-21 13:14:27:1427"}
[35m[35mhttp[35m[39m: [35m::1 - - [21/Oct/2025:11:14:27 +0000] "GET /api/csrf-token HTTP/1.1" 200 52 "http://localhost:8080/register" "Mozilla/5.0 (Windows NT 10.0; Win64; x64) AppleWebKit/537.36 (KHTML, like Gecko) HeadlessChrome/140.0.7339.16 Safari/537.36"[39m {"timestamp":"2025-10-21 13:14:27:1427"}
[35m[35mhttp[35m[39m: [35m::1 - - [21/Oct/2025:11:14:27 +0000] "POST /api/auth/register HTTP/1.1" 201 536 "http://localhost:8080/register" "Mozilla/5.0 (Windows NT 10.0; Win64; x64) AppleWebKit/537.36 (KHTML, like Gecko) HeadlessChrome/140.0.7339.16 Safari/537.36"[39m {"timestamp":"2025-10-21 13:14:27:1427"}
[35m[35mhttp[35m[39m: [35m::1 - - [21/Oct/2025:11:14:27 +0000] "GET /api/auth/me HTTP/1.1" 401 49 "http://localhost:8080/videos" "Mozilla/5.0 (Windows NT 10.0; Win64; x64) AppleWebKit/537.36 (KHTML, like Gecko) HeadlessChrome/140.0.7339.16 Safari/537.36"[39m {"timestamp":"2025-10-21 13:14:27:1427"}
[37m[37mdebug[37m[39m: [37mDatabase pool: client removed[39m {"timestamp":"2025-10-21 13:14:27:1427"}
[35m[35mhttp[35m[39m: [35m::1 - - [21/Oct/2025:11:14:30 +0000] "GET /api/auth/me HTTP/1.1" 401 53 "http://localhost:8080/register" "Mozilla/5.0 (Windows NT 10.0; Win64; x64) AppleWebKit/537.36 (KHTML, like Gecko) HeadlessChrome/140.0.7339.16 Safari/537.36"[39m {"timestamp":"2025-10-21 13:14:30:1430"}
[35m[35mhttp[35m[39m: [35m::1 - - [21/Oct/2025:11:14:30 +0000] "GET /api/csrf-token HTTP/1.1" 200 52 "http://localhost:8080/register" "Mozilla/5.0 (Windows NT 10.0; Win64; x64) AppleWebKit/537.36 (KHTML, like Gecko) HeadlessChrome/140.0.7339.16 Safari/537.36"[39m {"timestamp":"2025-10-21 13:14:30:1430"}
[37m[37mdebug[37m[39m: [37mDatabase pool: new client connected[39m {"timestamp":"2025-10-21 13:14:30:1430"}
[35m[35mhttp[35m[39m: [35m::1 - - [21/Oct/2025:11:14:30 +0000] "POST /api/auth/register HTTP/1.1" 201 536 "http://localhost:8080/register" "Mozilla/5.0 (Windows NT 10.0; Win64; x64) AppleWebKit/537.36 (KHTML, like Gecko) HeadlessChrome/140.0.7339.16 Safari/537.36"[39m {"timestamp":"2025-10-21 13:14:30:1430"}
[35m[35mhttp[35m[39m: [35m::1 - - [21/Oct/2025:11:14:30 +0000] "GET /api/auth/me HTTP/1.1" 401 49 "http://localhost:8080/videos" "Mozilla/5.0 (Windows NT 10.0; Win64; x64) AppleWebKit/537.36 (KHTML, like Gecko) HeadlessChrome/140.0.7339.16 Safari/537.36"[39m {"timestamp":"2025-10-21 13:14:30:1430"}
[37m[37mdebug[37m[39m: [37mDatabase pool: client removed[39m {"timestamp":"2025-10-21 13:14:30:1430"}
[35m[35mhttp[35m[39m: [35m::1 - - [21/Oct/2025:11:14:32 +0000] "HEAD /api/csrf-token HTTP/1.1" 200 52 "-" "curl/8.9.0"[39m {"timestamp":"2025-10-21 13:14:32:1432"}
