Sentry DSN not configured, error tracking disabled
[32m[32minfo[32m[39m: [32mServer is running on port 5000[39m {"timestamp":"2025-10-21 13:17:19:1719"}
[35m[35mhttp[35m[39m: [35m::1 - - [21/Oct/2025:11:18:07 +0000] "GET /api/auth/me HTTP/1.1" 401 53 "http://localhost:8080/register" "Mozilla/5.0 (Windows NT 10.0; Win64; x64) AppleWebKit/537.36 (KHTML, like Gecko) HeadlessChrome/140.0.7339.16 Safari/537.36"[39m {"timestamp":"2025-10-21 13:18:07:187"}
[35m[35mhttp[35m[39m: [35m::1 - - [21/Oct/2025:11:18:07 +0000] "GET /api/csrf-token HTTP/1.1" 200 52 "http://localhost:8080/register" "Mozilla/5.0 (Windows NT 10.0; Win64; x64) AppleWebKit/537.36 (KHTML, like Gecko) HeadlessChrome/140.0.7339.16 Safari/537.36"[39m {"timestamp":"2025-10-21 13:18:07:187"}
[37m[37mdebug[37m[39m: [37mDatabase pool: new client connected[39m {"timestamp":"2025-10-21 13:18:07:187"}
[35m[35mhttp[35m[39m: [35m::1 - - [21/Oct/2025:11:18:07 +0000] "POST /api/auth/register HTTP/1.1" 201 536 "http://localhost:8080/register" "Mozilla/5.0 (Windows NT 10.0; Win64; x64) AppleWebKit/537.36 (KHTML, like Gecko) HeadlessChrome/140.0.7339.16 Safari/537.36"[39m {"timestamp":"2025-10-21 13:18:07:187"}
[35m[35mhttp[35m[39m: [35m::1 - - [21/Oct/2025:11:18:08 +0000] "GET /api/videos HTTP/1.1" 401 35 "http://localhost:8080/" "Mozilla/5.0 (Windows NT 10.0; Win64; x64) AppleWebKit/537.36 (KHTML, like Gecko) HeadlessChrome/140.0.7339.16 Safari/537.36"[39m {"timestamp":"2025-10-21 13:18:08:188"}
[35m[35mhttp[35m[39m: [35m::1 - - [21/Oct/2025:11:18:08 +0000] "GET /api/profiles HTTP/1.1" 401 35 "http://localhost:8080/" "Mozilla/5.0 (Windows NT 10.0; Win64; x64) AppleWebKit/537.36 (KHTML, like Gecko) HeadlessChrome/140.0.7339.16 Safari/537.36"[39m {"timestamp":"2025-10-21 13:18:08:188"}
[35m[35mhttp[35m[39m: [35m::1 - - [21/Oct/2025:11:18:08 +0000] "GET /api/nfc/chips HTTP/1.1" 401 35 "http://localhost:8080/" "Mozilla/5.0 (Windows NT 10.0; Win64; x64) AppleWebKit/537.36 (KHTML, like Gecko) HeadlessChrome/140.0.7339.16 Safari/537.36"[39m {"timestamp":"2025-10-21 13:18:08:188"}
[35m[35mhttp[35m[39m: [35m::1 - - [21/Oct/2025:11:18:08 +0000] "GET /api/auth/me HTTP/1.1" 401 53 "http://localhost:8080/register" "Mozilla/5.0 (Windows NT 10.0; Win64; x64) AppleWebKit/537.36 (KHTML, like Gecko) HeadlessChrome/140.0.7339.16 Safari/537.36"[39m {"timestamp":"2025-10-21 13:18:08:188"}
[35m[35mhttp[35m[39m: [35m::1 - - [21/Oct/2025:11:18:09 +0000] "GET /api/csrf-token HTTP/1.1" 200 52 "http://localhost:8080/register" "Mozilla/5.0 (Windows NT 10.0; Win64; x64) AppleWebKit/537.36 (KHTML, like Gecko) HeadlessChrome/140.0.7339.16 Safari/537.36"[39m {"timestamp":"2025-10-21 13:18:09:189"}
[35m[35mhttp[35m[39m: [35m::1 - - [21/Oct/2025:11:18:09 +0000] "POST /api/auth/register HTTP/1.1" 201 536 "http://localhost:8080/register" "Mozilla/5.0 (Windows NT 10.0; Win64; x64) AppleWebKit/537.36 (KHTML, like Gecko) HeadlessChrome/140.0.7339.16 Safari/537.36"[39m {"timestamp":"2025-10-21 13:18:09:189"}
[35m[35mhttp[35m[39m: [35m::1 - - [21/Oct/2025:11:18:09 +0000] "GET /api/auth/me HTTP/1.1" 401 49 "http://localhost:8080/videos" "Mozilla/5.0 (Windows NT 10.0; Win64; x64) AppleWebKit/537.36 (KHTML, like Gecko) HeadlessChrome/140.0.7339.16 Safari/537.36"[39m {"timestamp":"2025-10-21 13:18:09:189"}
[37m[37mdebug[37m[39m: [37mDatabase pool: client removed[39m {"timestamp":"2025-10-21 13:18:09:189"}
[35m[35mhttp[35m[39m: [35m::1 - - [21/Oct/2025:11:18:11 +0000] "GET /api/auth/me HTTP/1.1" 401 53 "http://localhost:8080/register" "Mozilla/5.0 (Windows NT 10.0; Win64; x64) AppleWebKit/537.36 (KHTML, like Gecko) HeadlessChrome/140.0.7339.16 Safari/537.36"[39m {"timestamp":"2025-10-21 13:18:11:1811"}
[35m[35mhttp[35m[39m: [35m::1 - - [21/Oct/2025:11:18:12 +0000] "GET /api/csrf-token HTTP/1.1" 200 52 "http://localhost:8080/register" "Mozilla/5.0 (Windows NT 10.0; Win64; x64) AppleWebKit/537.36 (KHTML, like Gecko) HeadlessChrome/140.0.7339.16 Safari/537.36"[39m {"timestamp":"2025-10-21 13:18:12:1812"}
[37m[37mdebug[37m[39m: [37mDatabase pool: new client connected[39m {"timestamp":"2025-10-21 13:18:12:1812"}
[35m[35mhttp[35m[39m: [35m::1 - - [21/Oct/2025:11:18:12 +0000] "POST /api/auth/register HTTP/1.1" 201 536 "http://localhost:8080/register" "Mozilla/5.0 (Windows NT 10.0; Win64; x64) AppleWebKit/537.36 (KHTML, like Gecko) HeadlessChrome/140.0.7339.16 Safari/537.36"[39m {"timestamp":"2025-10-21 13:18:12:1812"}
[35m[35mhttp[35m[39m: [35m::1 - - [21/Oct/2025:11:18:12 +0000] "GET /api/auth/me HTTP/1.1" 401 49 "http://localhost:8080/dashboard" "Mozilla/5.0 (Windows NT 10.0; Win64; x64) AppleWebKit/537.36 (KHTML, like Gecko) HeadlessChrome/140.0.7339.16 Safari/537.36"[39m {"timestamp":"2025-10-21 13:18:12:1812"}
[37m[37mdebug[37m[39m: [37mDatabase pool: client removed[39m {"timestamp":"2025-10-21 13:18:12:1812"}
[35m[35mhttp[35m[39m: [35m::1 - - [21/Oct/2025:11:18:24 +0000] "GET /api/auth/me HTTP/1.1" 401 53 "http://localhost:8080/register" "Mozilla/5.0 (Windows NT 10.0; Win64; x64) AppleWebKit/537.36 (KHTML, like Gecko) HeadlessChrome/140.0.7339.16 Safari/537.36"[39m {"timestamp":"2025-10-21 13:18:24:1824"}
[35m[35mhttp[35m[39m: [35m::1 - - [21/Oct/2025:11:18:24 +0000] "GET /api/csrf-token HTTP/1.1" 200 52 "http://localhost:8080/register" "Mozilla/5.0 (Windows NT 10.0; Win64; x64) AppleWebKit/537.36 (KHTML, like Gecko) HeadlessChrome/140.0.7339.16 Safari/537.36"[39m {"timestamp":"2025-10-21 13:18:24:1824"}
[37m[37mdebug[37m[39m: [37mDatabase pool: new client connected[39m {"timestamp":"2025-10-21 13:18:24:1824"}
[35m[35mhttp[35m[39m: [35m::1 - - [21/Oct/2025:11:18:24 +0000] "POST /api/auth/register HTTP/1.1" 201 536 "http://localhost:8080/register" "Mozilla/5.0 (Windows NT 10.0; Win64; x64) AppleWebKit/537.36 (KHTML, like Gecko) HeadlessChrome/140.0.7339.16 Safari/537.36"[39m {"timestamp":"2025-10-21 13:18:24:1824"}
[35m[35mhttp[35m[39m: [35m::1 - - [21/Oct/2025:11:18:25 +0000] "GET /api/videos HTTP/1.1" 401 35 "http://localhost:8080/" "Mozilla/5.0 (Windows NT 10.0; Win64; x64) AppleWebKit/537.36 (KHTML, like Gecko) HeadlessChrome/140.0.7339.16 Safari/537.36"[39m {"timestamp":"2025-10-21 13:18:25:1825"}
[35m[35mhttp[35m[39m: [35m::1 - - [21/Oct/2025:11:18:25 +0000] "GET /api/profiles HTTP/1.1" 401 35 "http://localhost:8080/" "Mozilla/5.0 (Windows NT 10.0; Win64; x64) AppleWebKit/537.36 (KHTML, like Gecko) HeadlessChrome/140.0.7339.16 Safari/537.36"[39m {"timestamp":"2025-10-21 13:18:25:1825"}
[35m[35mhttp[35m[39m: [35m::1 - - [21/Oct/2025:11:18:25 +0000] "GET /api/nfc/chips HTTP/1.1" 401 35 "http://localhost:8080/" "Mozilla/5.0 (Windows NT 10.0; Win64; x64) AppleWebKit/537.36 (KHTML, like Gecko) HeadlessChrome/140.0.7339.16 Safari/537.36"[39m {"timestamp":"2025-10-21 13:18:25:1825"}
[35m[35mhttp[35m[39m: [35m::1 - - [21/Oct/2025:11:18:28 +0000] "GET /api/auth/me HTTP/1.1" 401 53 "http://localhost:8080/register" "Mozilla/5.0 (Windows NT 10.0; Win64; x64) AppleWebKit/537.36 (KHTML, like Gecko) HeadlessChrome/140.0.7339.16 Safari/537.36"[39m {"timestamp":"2025-10-21 13:18:28:1828"}
[35m[35mhttp[35m[39m: [35m::1 - - [21/Oct/2025:11:18:28 +0000] "GET /api/csrf-token HTTP/1.1" 200 52 "http://localhost:8080/register" "Mozilla/5.0 (Windows NT 10.0; Win64; x64) AppleWebKit/537.36 (KHTML, like Gecko) HeadlessChrome/140.0.7339.16 Safari/537.36"[39m {"timestamp":"2025-10-21 13:18:28:1828"}
[35m[35mhttp[35m[39m: [35m::1 - - [21/Oct/2025:11:18:29 +0000] "POST /api/auth/register HTTP/1.1" 201 536 "http://localhost:8080/register" "Mozilla/5.0 (Windows NT 10.0; Win64; x64) AppleWebKit/537.36 (KHTML, like Gecko) HeadlessChrome/140.0.7339.16 Safari/537.36"[39m {"timestamp":"2025-10-21 13:18:29:1829"}
[35m[35mhttp[35m[39m: [35m::1 - - [21/Oct/2025:11:18:29 +0000] "GET /api/auth/me HTTP/1.1" 401 49 "http://localhost:8080/videos" "Mozilla/5.0 (Windows NT 10.0; Win64; x64) AppleWebKit/537.36 (KHTML, like Gecko) HeadlessChrome/140.0.7339.16 Safari/537.36"[39m {"timestamp":"2025-10-21 13:18:29:1829"}
[37m[37mdebug[37m[39m: [37mDatabase pool: client removed[39m {"timestamp":"2025-10-21 13:18:29:1829"}
[35m[35mhttp[35m[39m: [35m::1 - - [21/Oct/2025:11:18:31 +0000] "GET /api/auth/me HTTP/1.1" 401 53 "http://localhost:8080/register" "Mozilla/5.0 (Windows NT 10.0; Win64; x64) AppleWebKit/537.36 (KHTML, like Gecko) HeadlessChrome/140.0.7339.16 Safari/537.36"[39m {"timestamp":"2025-10-21 13:18:31:1831"}
[35m[35mhttp[35m[39m: [35m::1 - - [21/Oct/2025:11:18:31 +0000] "GET /api/csrf-token HTTP/1.1" 200 52 "http://localhost:8080/register" "Mozilla/5.0 (Windows NT 10.0; Win64; x64) AppleWebKit/537.36 (KHTML, like Gecko) HeadlessChrome/140.0.7339.16 Safari/537.36"[39m {"timestamp":"2025-10-21 13:18:31:1831"}
[37m[37mdebug[37m[39m: [37mDatabase pool: new client connected[39m {"timestamp":"2025-10-21 13:18:31:1831"}
[35m[35mhttp[35m[39m: [35m::1 - - [21/Oct/2025:11:18:31 +0000] "POST /api/auth/register HTTP/1.1" 201 536 "http://localhost:8080/register" "Mozilla/5.0 (Windows NT 10.0; Win64; x64) AppleWebKit/537.36 (KHTML, like Gecko) HeadlessChrome/140.0.7339.16 Safari/537.36"[39m {"timestamp":"2025-10-21 13:18:31:1831"}
[35m[35mhttp[35m[39m: [35m::1 - - [21/Oct/2025:11:18:32 +0000] "GET /api/auth/me HTTP/1.1" 401 49 "http://localhost:8080/videos" "Mozilla/5.0 (Windows NT 10.0; Win64; x64) AppleWebKit/537.36 (KHTML, like Gecko) HeadlessChrome/140.0.7339.16 Safari/537.36"[39m {"timestamp":"2025-10-21 13:18:32:1832"}
[37m[37mdebug[37m[39m: [37mDatabase pool: client removed[39m {"timestamp":"2025-10-21 13:18:32:1832"}
[31m[31merror[31m[39m: [31mBad escaped character in JSON at position 61 (line 1 column 62)[39m {"ip":"::1","method":"POST","stack":"SyntaxError: Bad escaped character in JSON at position 61 (line 1 column 62)\n    at JSON.parse (<anonymous>)\n    at parse (C:\\Users\\benja\\projects\\medio\\backend\\node_modules\\body-parser\\lib\\types\\json.js:92:19)\n    at C:\\Users\\benja\\projects\\medio\\backend\\node_modules\\body-parser\\lib\\read.js:128:18\n    at AsyncResource.runInAsyncScope (node:async_hooks:214:14)\n    at invokeCallback (C:\\Users\\benja\\projects\\medio\\backend\\node_modules\\raw-body\\index.js:238:16)\n    at done (C:\\Users\\benja\\projects\\medio\\backend\\node_modules\\raw-body\\index.js:227:7)\n    at IncomingMessage.onEnd (C:\\Users\\benja\\projects\\medio\\backend\\node_modules\\raw-body\\index.js:287:7)\n    at IncomingMessage.emit (node:events:518:28)\n    at endReadableNT (node:internal/streams/readable:1698:12)\n    at process.processTicksAndRejections (node:internal/process/task_queues:90:21)","timestamp":"2025-10-21 13:21:02:212","url":"/api/auth/register"}
[35m[35mhttp[35m[39m: [35m::1 - - [21/Oct/2025:11:21:02 +0000] "POST /api/auth/register HTTP/1.1" 400 1181 "-" "curl/8.9.0"[39m {"timestamp":"2025-10-21 13:21:02:212"}
[31m[31merror[31m[39m: [31mBad escaped character in JSON at position 62 (line 1 column 63)[39m {"ip":"::1","method":"POST","stack":"SyntaxError: Bad escaped character in JSON at position 62 (line 1 column 63)\n    at JSON.parse (<anonymous>)\n    at parse (C:\\Users\\benja\\projects\\medio\\backend\\node_modules\\body-parser\\lib\\types\\json.js:92:19)\n    at C:\\Users\\benja\\projects\\medio\\backend\\node_modules\\body-parser\\lib\\read.js:128:18\n    at AsyncResource.runInAsyncScope (node:async_hooks:214:14)\n    at invokeCallback (C:\\Users\\benja\\projects\\medio\\backend\\node_modules\\raw-body\\index.js:238:16)\n    at done (C:\\Users\\benja\\projects\\medio\\backend\\node_modules\\raw-body\\index.js:227:7)\n    at IncomingMessage.onEnd (C:\\Users\\benja\\projects\\medio\\backend\\node_modules\\raw-body\\index.js:287:7)\n    at IncomingMessage.emit (node:events:518:28)\n    at endReadableNT (node:internal/streams/readable:1698:12)\n    at process.processTicksAndRejections (node:internal/process/task_queues:90:21)","timestamp":"2025-10-21 13:21:12:2112","url":"/api/auth/register"}
[35m[35mhttp[35m[39m: [35m::1 - - [21/Oct/2025:11:21:12 +0000] "POST /api/auth/register HTTP/1.1" 400 1182 "-" "curl/8.9.0"[39m {"timestamp":"2025-10-21 13:21:12:2112"}
[35m[35mhttp[35m[39m: [35m::1 - - [21/Oct/2025:11:27:55 +0000] "GET /api/auth/me HTTP/1.1" 401 53 "http://localhost:8080/register" "Mozilla/5.0 (Windows NT 10.0; Win64; x64) AppleWebKit/537.36 (KHTML, like Gecko) HeadlessChrome/140.0.7339.16 Safari/537.36"[39m {"timestamp":"2025-10-21 13:27:55:2755"}
[35m[35mhttp[35m[39m: [35m::1 - - [21/Oct/2025:11:27:56 +0000] "GET /api/csrf-token HTTP/1.1" 200 52 "http://localhost:8080/register" "Mozilla/5.0 (Windows NT 10.0; Win64; x64) AppleWebKit/537.36 (KHTML, like Gecko) HeadlessChrome/140.0.7339.16 Safari/537.36"[39m {"timestamp":"2025-10-21 13:27:56:2756"}
[37m[37mdebug[37m[39m: [37mDatabase pool: new client connected[39m {"timestamp":"2025-10-21 13:27:56:2756"}
[35m[35mhttp[35m[39m: [35m::1 - - [21/Oct/2025:11:27:56 +0000] "POST /api/auth/register HTTP/1.1" 201 536 "http://localhost:8080/register" "Mozilla/5.0 (Windows NT 10.0; Win64; x64) AppleWebKit/537.36 (KHTML, like Gecko) HeadlessChrome/140.0.7339.16 Safari/537.36"[39m {"timestamp":"2025-10-21 13:27:56:2756"}
[35m[35mhttp[35m[39m: [35m::1 - - [21/Oct/2025:11:27:56 +0000] "GET /api/videos HTTP/1.1" 401 35 "http://localhost:8080/" "Mozilla/5.0 (Windows NT 10.0; Win64; x64) AppleWebKit/537.36 (KHTML, like Gecko) HeadlessChrome/140.0.7339.16 Safari/537.36"[39m {"timestamp":"2025-10-21 13:27:56:2756"}
[35m[35mhttp[35m[39m: [35m::1 - - [21/Oct/2025:11:27:56 +0000] "GET /api/profiles HTTP/1.1" 401 35 "http://localhost:8080/" "Mozilla/5.0 (Windows NT 10.0; Win64; x64) AppleWebKit/537.36 (KHTML, like Gecko) HeadlessChrome/140.0.7339.16 Safari/537.36"[39m {"timestamp":"2025-10-21 13:27:56:2756"}
[35m[35mhttp[35m[39m: [35m::1 - - [21/Oct/2025:11:27:56 +0000] "GET /api/nfc/chips HTTP/1.1" 401 35 "http://localhost:8080/" "Mozilla/5.0 (Windows NT 10.0; Win64; x64) AppleWebKit/537.36 (KHTML, like Gecko) HeadlessChrome/140.0.7339.16 Safari/537.36"[39m {"timestamp":"2025-10-21 13:27:56:2756"}
[35m[35mhttp[35m[39m: [35m::1 - - [21/Oct/2025:11:27:57 +0000] "GET /api/auth/me HTTP/1.1" 401 53 "http://localhost:8080/register" "Mozilla/5.0 (Windows NT 10.0; Win64; x64) AppleWebKit/537.36 (KHTML, like Gecko) HeadlessChrome/140.0.7339.16 Safari/537.36"[39m {"timestamp":"2025-10-21 13:27:57:2757"}
[35m[35mhttp[35m[39m: [35m::1 - - [21/Oct/2025:11:27:57 +0000] "GET /api/csrf-token HTTP/1.1" 200 52 "http://localhost:8080/register" "Mozilla/5.0 (Windows NT 10.0; Win64; x64) AppleWebKit/537.36 (KHTML, like Gecko) HeadlessChrome/140.0.7339.16 Safari/537.36"[39m {"timestamp":"2025-10-21 13:27:57:2757"}
[35m[35mhttp[35m[39m: [35m::1 - - [21/Oct/2025:11:27:57 +0000] "POST /api/auth/register HTTP/1.1" 201 536 "http://localhost:8080/register" "Mozilla/5.0 (Windows NT 10.0; Win64; x64) AppleWebKit/537.36 (KHTML, like Gecko) HeadlessChrome/140.0.7339.16 Safari/537.36"[39m {"timestamp":"2025-10-21 13:27:57:2757"}
[35m[35mhttp[35m[39m: [35m::1 - - [21/Oct/2025:11:27:57 +0000] "GET /api/auth/me HTTP/1.1" 401 49 "http://localhost:8080/videos" "Mozilla/5.0 (Windows NT 10.0; Win64; x64) AppleWebKit/537.36 (KHTML, like Gecko) HeadlessChrome/140.0.7339.16 Safari/537.36"[39m {"timestamp":"2025-10-21 13:27:57:2757"}
[37m[37mdebug[37m[39m: [37mDatabase pool: client removed[39m {"timestamp":"2025-10-21 13:27:57:2757"}
[35m[35mhttp[35m[39m: [35m::1 - - [21/Oct/2025:11:28:00 +0000] "GET /api/auth/me HTTP/1.1" 401 53 "http://localhost:8080/register" "Mozilla/5.0 (Windows NT 10.0; Win64; x64) AppleWebKit/537.36 (KHTML, like Gecko) HeadlessChrome/140.0.7339.16 Safari/537.36"[39m {"timestamp":"2025-10-21 13:28:00:280"}
[35m[35mhttp[35m[39m: [35m::1 - - [21/Oct/2025:11:28:00 +0000] "GET /api/csrf-token HTTP/1.1" 200 52 "http://localhost:8080/register" "Mozilla/5.0 (Windows NT 10.0; Win64; x64) AppleWebKit/537.36 (KHTML, like Gecko) HeadlessChrome/140.0.7339.16 Safari/537.36"[39m {"timestamp":"2025-10-21 13:28:00:280"}
[37m[37mdebug[37m[39m: [37mDatabase pool: new client connected[39m {"timestamp":"2025-10-21 13:28:00:280"}
[35m[35mhttp[35m[39m: [35m::1 - - [21/Oct/2025:11:28:00 +0000] "POST /api/auth/register HTTP/1.1" 201 536 "http://localhost:8080/register" "Mozilla/5.0 (Windows NT 10.0; Win64; x64) AppleWebKit/537.36 (KHTML, like Gecko) HeadlessChrome/140.0.7339.16 Safari/537.36"[39m {"timestamp":"2025-10-21 13:28:00:280"}
[35m[35mhttp[35m[39m: [35m::1 - - [21/Oct/2025:11:28:00 +0000] "GET /api/auth/me HTTP/1.1" 401 49 "http://localhost:8080/dashboard" "Mozilla/5.0 (Windows NT 10.0; Win64; x64) AppleWebKit/537.36 (KHTML, like Gecko) HeadlessChrome/140.0.7339.16 Safari/537.36"[39m {"timestamp":"2025-10-21 13:28:00:280"}
[37m[37mdebug[37m[39m: [37mDatabase pool: client removed[39m {"timestamp":"2025-10-21 13:28:00:280"}
[35m[35mhttp[35m[39m: [35m::1 - - [21/Oct/2025:11:28:12 +0000] "GET /api/auth/me HTTP/1.1" 401 53 "http://localhost:8080/register" "Mozilla/5.0 (Windows NT 10.0; Win64; x64) AppleWebKit/537.36 (KHTML, like Gecko) HeadlessChrome/140.0.7339.16 Safari/537.36"[39m {"timestamp":"2025-10-21 13:28:12:2812"}
[35m[35mhttp[35m[39m: [35m::1 - - [21/Oct/2025:11:28:13 +0000] "GET /api/csrf-token HTTP/1.1" 200 52 "http://localhost:8080/register" "Mozilla/5.0 (Windows NT 10.0; Win64; x64) AppleWebKit/537.36 (KHTML, like Gecko) HeadlessChrome/140.0.7339.16 Safari/537.36"[39m {"timestamp":"2025-10-21 13:28:13:2813"}
[37m[37mdebug[37m[39m: [37mDatabase pool: new client connected[39m {"timestamp":"2025-10-21 13:28:13:2813"}
[35m[35mhttp[35m[39m: [35m::1 - - [21/Oct/2025:11:28:13 +0000] "POST /api/auth/register HTTP/1.1" 201 536 "http://localhost:8080/register" "Mozilla/5.0 (Windows NT 10.0; Win64; x64) AppleWebKit/537.36 (KHTML, like Gecko) HeadlessChrome/140.0.7339.16 Safari/537.36"[39m {"timestamp":"2025-10-21 13:28:13:2813"}
[35m[35mhttp[35m[39m: [35m::1 - - [21/Oct/2025:11:28:13 +0000] "GET /api/videos HTTP/1.1" 401 35 "http://localhost:8080/" "Mozilla/5.0 (Windows NT 10.0; Win64; x64) AppleWebKit/537.36 (KHTML, like Gecko) HeadlessChrome/140.0.7339.16 Safari/537.36"[39m {"timestamp":"2025-10-21 13:28:13:2813"}
[35m[35mhttp[35m[39m: [35m::1 - - [21/Oct/2025:11:28:13 +0000] "GET /api/profiles HTTP/1.1" 401 35 "http://localhost:8080/" "Mozilla/5.0 (Windows NT 10.0; Win64; x64) AppleWebKit/537.36 (KHTML, like Gecko) HeadlessChrome/140.0.7339.16 Safari/537.36"[39m {"timestamp":"2025-10-21 13:28:13:2813"}
[35m[35mhttp[35m[39m: [35m::1 - - [21/Oct/2025:11:28:13 +0000] "GET /api/nfc/chips HTTP/1.1" 401 35 "http://localhost:8080/" "Mozilla/5.0 (Windows NT 10.0; Win64; x64) AppleWebKit/537.36 (KHTML, like Gecko) HeadlessChrome/140.0.7339.16 Safari/537.36"[39m {"timestamp":"2025-10-21 13:28:13:2813"}
[35m[35mhttp[35m[39m: [35m::1 - - [21/Oct/2025:11:28:16 +0000] "GET /api/auth/me HTTP/1.1" 401 53 "http://localhost:8080/register" "Mozilla/5.0 (Windows NT 10.0; Win64; x64) AppleWebKit/537.36 (KHTML, like Gecko) HeadlessChrome/140.0.7339.16 Safari/537.36"[39m {"timestamp":"2025-10-21 13:28:16:2816"}
[35m[35mhttp[35m[39m: [35m::1 - - [21/Oct/2025:11:28:17 +0000] "GET /api/csrf-token HTTP/1.1" 200 52 "http://localhost:8080/register" "Mozilla/5.0 (Windows NT 10.0; Win64; x64) AppleWebKit/537.36 (KHTML, like Gecko) HeadlessChrome/140.0.7339.16 Safari/537.36"[39m {"timestamp":"2025-10-21 13:28:17:2817"}
[35m[35mhttp[35m[39m: [35m::1 - - [21/Oct/2025:11:28:17 +0000] "POST /api/auth/register HTTP/1.1" 201 536 "http://localhost:8080/register" "Mozilla/5.0 (Windows NT 10.0; Win64; x64) AppleWebKit/537.36 (KHTML, like Gecko) HeadlessChrome/140.0.7339.16 Safari/537.36"[39m {"timestamp":"2025-10-21 13:28:17:2817"}
[35m[35mhttp[35m[39m: [35m::1 - - [21/Oct/2025:11:28:17 +0000] "GET /api/auth/me HTTP/1.1" 401 49 "http://localhost:8080/videos" "Mozilla/5.0 (Windows NT 10.0; Win64; x64) AppleWebKit/537.36 (KHTML, like Gecko) HeadlessChrome/140.0.7339.16 Safari/537.36"[39m {"timestamp":"2025-10-21 13:28:17:2817"}
[37m[37mdebug[37m[39m: [37mDatabase pool: client removed[39m {"timestamp":"2025-10-21 13:28:17:2817"}
[35m[35mhttp[35m[39m: [35m::1 - - [21/Oct/2025:11:28:19 +0000] "GET /api/auth/me HTTP/1.1" 401 53 "http://localhost:8080/register" "Mozilla/5.0 (Windows NT 10.0; Win64; x64) AppleWebKit/537.36 (KHTML, like Gecko) HeadlessChrome/140.0.7339.16 Safari/537.36"[39m {"timestamp":"2025-10-21 13:28:19:2819"}
[35m[35mhttp[35m[39m: [35m::1 - - [21/Oct/2025:11:28:20 +0000] "GET /api/csrf-token HTTP/1.1" 200 52 "http://localhost:8080/register" "Mozilla/5.0 (Windows NT 10.0; Win64; x64) AppleWebKit/537.36 (KHTML, like Gecko) HeadlessChrome/140.0.7339.16 Safari/537.36"[39m {"timestamp":"2025-10-21 13:28:20:2820"}
[37m[37mdebug[37m[39m: [37mDatabase pool: new client connected[39m {"timestamp":"2025-10-21 13:28:20:2820"}
[35m[35mhttp[35m[39m: [35m::1 - - [21/Oct/2025:11:28:20 +0000] "POST /api/auth/register HTTP/1.1" 201 536 "http://localhost:8080/register" "Mozilla/5.0 (Windows NT 10.0; Win64; x64) AppleWebKit/537.36 (KHTML, like Gecko) HeadlessChrome/140.0.7339.16 Safari/537.36"[39m {"timestamp":"2025-10-21 13:28:20:2820"}
[35m[35mhttp[35m[39m: [35m::1 - - [21/Oct/2025:11:28:20 +0000] "GET /api/auth/me HTTP/1.1" 401 49 "http://localhost:8080/videos" "Mozilla/5.0 (Windows NT 10.0; Win64; x64) AppleWebKit/537.36 (KHTML, like Gecko) HeadlessChrome/140.0.7339.16 Safari/537.36"[39m {"timestamp":"2025-10-21 13:28:20:2820"}
[37m[37mdebug[37m[39m: [37mDatabase pool: client removed[39m {"timestamp":"2025-10-21 13:28:20:2820"}
[35m[35mhttp[35m[39m: [35m::1 - - [21/Oct/2025:11:33:39 +0000] "GET /api/csrf-token HTTP/1.1" 200 52 "-" "curl/8.9.0"[39m {"timestamp":"2025-10-21 13:33:39:3339"}
